2021-01-16 10:23:48,502 INFO org.springframework.scheduling.concurrent.ExecutorConfigurationSupport [SpringContextShutdownHook] Shutting down ExecutorService 'applicationTaskExecutor'
2021-01-16 10:23:59,725 INFO org.hibernate.validator.internal.util.Version [background-preinit] HV000001: Hibernate Validator 6.1.6.Final
2021-01-16 10:23:59,750 INFO org.springframework.boot.StartupInfoLogger [main] Starting CustomerStatementProcessorApplication using Java 1.8.0_191 on C02XG1J8JG5M with PID 22821 (/Users/vgavhane/Downloads/customer_statement_processor/target/classes started by vgavhane in /Users/vgavhane/Downloads/customer_statement_processor)
2021-01-16 10:23:59,752 INFO org.springframework.boot.SpringApplication [main] No active profile set, falling back to default profiles: default
2021-01-16 10:24:01,523 INFO org.springframework.boot.web.embedded.tomcat.TomcatWebServer [main] Tomcat initialized with port(s): 8070 (http)
2021-01-16 10:24:01,546 INFO org.apache.juli.logging.DirectJDKLog [main] Initializing ProtocolHandler ["http-nio-8070"]
2021-01-16 10:24:01,548 INFO org.apache.juli.logging.DirectJDKLog [main] Starting service [Tomcat]
2021-01-16 10:24:01,549 INFO org.apache.juli.logging.DirectJDKLog [main] Starting Servlet engine: [Apache Tomcat/9.0.41]
2021-01-16 10:24:01,672 INFO org.apache.juli.logging.DirectJDKLog [main] Initializing Spring embedded WebApplicationContext
2021-01-16 10:24:01,672 INFO org.springframework.boot.web.servlet.context.ServletWebServerApplicationContext [main] Root WebApplicationContext: initialization completed in 1809 ms
2021-01-16 10:24:02,091 INFO org.springframework.scheduling.concurrent.ExecutorConfigurationSupport [main] Initializing ExecutorService 'applicationTaskExecutor'
2021-01-16 10:24:02,389 INFO org.apache.juli.logging.DirectJDKLog [main] Starting ProtocolHandler ["http-nio-8070"]
2021-01-16 10:24:02,527 INFO org.springframework.boot.web.embedded.tomcat.TomcatWebServer [main] Tomcat started on port(s): 8070 (http) with context path ''
2021-01-16 10:24:02,547 INFO org.springframework.boot.StartupInfoLogger [main] Started CustomerStatementProcessorApplication in 3.646 seconds (JVM running for 4.817)
2021-01-16 10:24:09,511 INFO org.apache.juli.logging.DirectJDKLog [http-nio-8070-exec-1] Initializing Spring DispatcherServlet 'dispatcherServlet'
2021-01-16 10:24:09,512 INFO org.springframework.web.servlet.FrameworkServlet [http-nio-8070-exec-1] Initializing Servlet 'dispatcherServlet'
2021-01-16 10:24:09,513 INFO org.springframework.web.servlet.FrameworkServlet [http-nio-8070-exec-1] Completed initialization in 1 ms
2021-01-16 10:24:09,599 INFO com.rebobank.customer_statement_processor.controller.CustomerStatementProcessorController [http-nio-8070-exec-1] Parsing xml file ..records.xml
2021-01-16 10:24:09,603 INFO com.rebobank.customer_statement_processor.service.CustomerStatementProcessorServiceImpl [http-nio-8070-exec-1] Validating unique transction references...
2021-01-16 10:24:09,604 INFO com.rebobank.customer_statement_processor.service.CustomerStatementProcessorServiceImpl [http-nio-8070-exec-1] validation on unique transaction references is successful!!
2021-01-16 10:24:09,604 INFO com.rebobank.customer_statement_processor.service.CustomerStatementProcessorServiceImpl [http-nio-8070-exec-1] Validating end balance...
2021-01-16 10:24:09,604 INFO com.rebobank.customer_statement_processor.service.CustomerStatementProcessorServiceImpl [http-nio-8070-exec-1] For transction reference::130498
2021-01-16 10:24:09,608 INFO com.rebobank.customer_statement_processor.service.CustomerStatementProcessorServiceImpl [http-nio-8070-exec-1] End Balance : 8.12
2021-01-16 10:24:09,608 INFO com.rebobank.customer_statement_processor.service.CustomerStatementProcessorServiceImpl [http-nio-8070-exec-1] Calculated End Balance : 8.12
2021-01-16 10:24:09,609 INFO com.rebobank.customer_statement_processor.service.CustomerStatementProcessorServiceImpl [http-nio-8070-exec-1] For transction reference::167875
2021-01-16 10:24:09,609 INFO com.rebobank.customer_statement_processor.service.CustomerStatementProcessorServiceImpl [http-nio-8070-exec-1] End Balance : 6368.0
2021-01-16 10:24:09,609 INFO com.rebobank.customer_statement_processor.service.CustomerStatementProcessorServiceImpl [http-nio-8070-exec-1] Calculated End Balance : 4490.0
2021-01-16 10:24:09,610 INFO com.rebobank.customer_statement_processor.service.CustomerStatementProcessorServiceImpl [http-nio-8070-exec-1] For transction reference::147674
2021-01-16 10:24:09,610 INFO com.rebobank.customer_statement_processor.service.CustomerStatementProcessorServiceImpl [http-nio-8070-exec-1] End Balance : 29.78
2021-01-16 10:24:09,610 INFO com.rebobank.customer_statement_processor.service.CustomerStatementProcessorServiceImpl [http-nio-8070-exec-1] Calculated End Balance : 29.78
2021-01-16 10:24:09,611 INFO com.rebobank.customer_statement_processor.service.CustomerStatementProcessorServiceImpl [http-nio-8070-exec-1] For transction reference::135607
2021-01-16 10:24:09,611 INFO com.rebobank.customer_statement_processor.service.CustomerStatementProcessorServiceImpl [http-nio-8070-exec-1] End Balance : 104.84
2021-01-16 10:24:09,611 INFO com.rebobank.customer_statement_processor.service.CustomerStatementProcessorServiceImpl [http-nio-8070-exec-1] Calculated End Balance : 104.84
2021-01-16 10:24:09,611 INFO com.rebobank.customer_statement_processor.service.CustomerStatementProcessorServiceImpl [http-nio-8070-exec-1] For transction reference::169639
2021-01-16 10:24:09,612 INFO com.rebobank.customer_statement_processor.service.CustomerStatementProcessorServiceImpl [http-nio-8070-exec-1] End Balance : 25.64
2021-01-16 10:24:09,612 INFO com.rebobank.customer_statement_processor.service.CustomerStatementProcessorServiceImpl [http-nio-8070-exec-1] Calculated End Balance : 25.64
2021-01-16 10:24:09,612 INFO com.rebobank.customer_statement_processor.service.CustomerStatementProcessorServiceImpl [http-nio-8070-exec-1] For transction reference::105549
2021-01-16 10:24:09,613 INFO com.rebobank.customer_statement_processor.service.CustomerStatementProcessorServiceImpl [http-nio-8070-exec-1] End Balance : 79.58
2021-01-16 10:24:09,613 INFO com.rebobank.customer_statement_processor.service.CustomerStatementProcessorServiceImpl [http-nio-8070-exec-1] Calculated End Balance : 79.58
2021-01-16 10:24:09,613 INFO com.rebobank.customer_statement_processor.service.CustomerStatementProcessorServiceImpl [http-nio-8070-exec-1] For transction reference::150438
2021-01-16 10:24:09,614 INFO com.rebobank.customer_statement_processor.service.CustomerStatementProcessorServiceImpl [http-nio-8070-exec-1] End Balance : 9.8
2021-01-16 10:24:09,614 INFO com.rebobank.customer_statement_processor.service.CustomerStatementProcessorServiceImpl [http-nio-8070-exec-1] Calculated End Balance : 9.8
2021-01-16 10:24:09,614 INFO com.rebobank.customer_statement_processor.service.CustomerStatementProcessorServiceImpl [http-nio-8070-exec-1] For transction reference::172833
2021-01-16 10:24:09,614 INFO com.rebobank.customer_statement_processor.service.CustomerStatementProcessorServiceImpl [http-nio-8070-exec-1] End Balance : 24.98
2021-01-16 10:24:09,615 INFO com.rebobank.customer_statement_processor.service.CustomerStatementProcessorServiceImpl [http-nio-8070-exec-1] Calculated End Balance : 24.98
2021-01-16 10:24:09,615 INFO com.rebobank.customer_statement_processor.service.CustomerStatementProcessorServiceImpl [http-nio-8070-exec-1] For transction reference::165102
2021-01-16 10:24:09,615 INFO com.rebobank.customer_statement_processor.service.CustomerStatementProcessorServiceImpl [http-nio-8070-exec-1] End Balance : 4981.0
2021-01-16 10:24:09,615 INFO com.rebobank.customer_statement_processor.service.CustomerStatementProcessorServiceImpl [http-nio-8070-exec-1] Calculated End Balance : 4980.0
2021-01-16 10:24:09,616 INFO com.rebobank.customer_statement_processor.service.CustomerStatementProcessorServiceImpl [http-nio-8070-exec-1] For transction reference::170148
2021-01-16 10:24:09,616 INFO com.rebobank.customer_statement_processor.service.CustomerStatementProcessorServiceImpl [http-nio-8070-exec-1] End Balance : 59.61
2021-01-16 10:24:09,616 INFO com.rebobank.customer_statement_processor.service.CustomerStatementProcessorServiceImpl [http-nio-8070-exec-1] Calculated End Balance : 59.61
2021-01-16 10:24:09,617 ERROR com.rebobank.customer_statement_processor.service.CustomerStatementProcessorServiceImpl [http-nio-8070-exec-1] Transaction references::[167875, 165102] is not having valid end balance!!
2021-01-16 19:38:28,906 INFO org.hibernate.validator.internal.util.Version [background-preinit] HV000001: Hibernate Validator 6.1.6.Final
2021-01-16 19:38:28,947 INFO org.springframework.boot.StartupInfoLogger [main] Starting CustomerStatementProcessorApplication using Java 1.8.0_191 on C02XG1J8JG5M with PID 30995 (/Users/vgavhane/Downloads/customer_statement_processor/target/classes started by vgavhane in /Users/vgavhane/Downloads/customer_statement_processor)
2021-01-16 19:38:28,949 INFO org.springframework.boot.SpringApplication [main] No active profile set, falling back to default profiles: default
2021-01-16 19:38:30,379 INFO org.springframework.boot.web.embedded.tomcat.TomcatWebServer [main] Tomcat initialized with port(s): 8070 (http)
2021-01-16 19:38:30,395 INFO org.apache.juli.logging.DirectJDKLog [main] Initializing ProtocolHandler ["http-nio-8070"]
2021-01-16 19:38:30,396 INFO org.apache.juli.logging.DirectJDKLog [main] Starting service [Tomcat]
2021-01-16 19:38:30,396 INFO org.apache.juli.logging.DirectJDKLog [main] Starting Servlet engine: [Apache Tomcat/9.0.41]
2021-01-16 19:38:30,486 INFO org.apache.juli.logging.DirectJDKLog [main] Initializing Spring embedded WebApplicationContext
2021-01-16 19:38:30,487 INFO org.springframework.boot.web.servlet.context.ServletWebServerApplicationContext [main] Root WebApplicationContext: initialization completed in 1438 ms
2021-01-16 19:42:22,574 INFO org.springframework.scheduling.concurrent.ExecutorConfigurationSupport [main] Initializing ExecutorService 'applicationTaskExecutor'
2021-01-16 19:42:22,969 INFO org.springframework.security.web.DefaultSecurityFilterChain [main] Will secure any request with [org.springframework.security.web.context.request.async.WebAsyncManagerIntegrationFilter@f238e4f, org.springframework.security.web.context.SecurityContextPersistenceFilter@ee8e7ff, org.springframework.security.web.header.HeaderWriterFilter@18dd5ed3, org.springframework.security.web.authentication.logout.LogoutFilter@2f677247, org.springframework.security.web.authentication.www.BasicAuthenticationFilter@7d4d8579, org.springframework.security.web.savedrequest.RequestCacheAwareFilter@64b70f41, org.springframework.security.web.servletapi.SecurityContextHolderAwareRequestFilter@536b71b4, org.springframework.security.web.authentication.AnonymousAuthenticationFilter@3b24087d, org.springframework.security.web.session.SessionManagementFilter@7bbfc5ff, org.springframework.security.web.access.ExceptionTranslationFilter@4130a648, org.springframework.security.web.access.intercept.FilterSecurityInterceptor@384fda47]
2021-01-16 19:42:23,004 INFO org.apache.juli.logging.DirectJDKLog [main] Starting ProtocolHandler ["http-nio-8070"]
2021-01-16 19:42:23,030 WARN org.springframework.context.support.AbstractApplicationContext [main] Exception encountered during context initialization - cancelling refresh attempt: org.springframework.context.ApplicationContextException: Failed to start bean 'webServerStartStop'; nested exception is org.springframework.boot.web.server.PortInUseException: Port 8070 is already in use
2021-01-16 19:42:23,031 INFO org.springframework.scheduling.concurrent.ExecutorConfigurationSupport [main] Shutting down ExecutorService 'applicationTaskExecutor'
2021-01-16 19:42:23,035 INFO org.apache.juli.logging.DirectJDKLog [main] Pausing ProtocolHandler ["http-nio-8070"]
2021-01-16 19:42:23,036 INFO org.apache.juli.logging.DirectJDKLog [main] Stopping service [Tomcat]
2021-01-16 19:42:23,042 INFO org.apache.juli.logging.DirectJDKLog [main] Stopping ProtocolHandler ["http-nio-8070"]
2021-01-16 19:42:23,043 INFO org.apache.juli.logging.DirectJDKLog [main] Destroying ProtocolHandler ["http-nio-8070"]
2021-01-16 19:42:23,051 INFO org.springframework.boot.autoconfigure.logging.ConditionEvaluationReportLoggingListener [main] 

Error starting ApplicationContext. To display the conditions report re-run your application with 'debug' enabled.
2021-01-16 19:42:23,077 ERROR org.springframework.boot.diagnostics.LoggingFailureAnalysisReporter [main] 

***************************
APPLICATION FAILED TO START
***************************

Description:

Web server failed to start. Port 8070 was already in use.

Action:

Identify and stop the process that's listening on port 8070 or configure this application to listen on another port.

2021-01-16 19:42:32,086 INFO org.springframework.scheduling.concurrent.ExecutorConfigurationSupport [SpringContextShutdownHook] Shutting down ExecutorService 'applicationTaskExecutor'
2021-01-16 19:42:51,414 INFO org.hibernate.validator.internal.util.Version [background-preinit] HV000001: Hibernate Validator 6.1.6.Final
2021-01-16 19:42:51,440 INFO org.springframework.boot.StartupInfoLogger [main] Starting CustomerStatementProcessorApplication using Java 1.8.0_191 on C02XG1J8JG5M with PID 31038 (/Users/vgavhane/Downloads/customer_statement_processor/target/classes started by vgavhane in /Users/vgavhane/Downloads/customer_statement_processor)
2021-01-16 19:42:51,442 INFO org.springframework.boot.SpringApplication [main] No active profile set, falling back to default profiles: default
2021-01-16 19:42:52,754 INFO org.springframework.boot.web.embedded.tomcat.TomcatWebServer [main] Tomcat initialized with port(s): 8070 (http)
2021-01-16 19:42:52,771 INFO org.apache.juli.logging.DirectJDKLog [main] Initializing ProtocolHandler ["http-nio-8070"]
2021-01-16 19:42:52,772 INFO org.apache.juli.logging.DirectJDKLog [main] Starting service [Tomcat]
2021-01-16 19:42:52,772 INFO org.apache.juli.logging.DirectJDKLog [main] Starting Servlet engine: [Apache Tomcat/9.0.41]
2021-01-16 19:42:52,862 INFO org.apache.juli.logging.DirectJDKLog [main] Initializing Spring embedded WebApplicationContext
2021-01-16 19:42:52,863 INFO org.springframework.boot.web.servlet.context.ServletWebServerApplicationContext [main] Root WebApplicationContext: initialization completed in 1340 ms
2021-01-16 19:42:53,276 INFO org.springframework.scheduling.concurrent.ExecutorConfigurationSupport [main] Initializing ExecutorService 'applicationTaskExecutor'
2021-01-16 19:42:53,640 INFO org.springframework.security.web.DefaultSecurityFilterChain [main] Will secure any request with [org.springframework.security.web.context.request.async.WebAsyncManagerIntegrationFilter@1e54a6b1, org.springframework.security.web.context.SecurityContextPersistenceFilter@7a682d35, org.springframework.security.web.header.HeaderWriterFilter@61ff6a49, org.springframework.security.web.authentication.logout.LogoutFilter@47829d6d, org.springframework.security.web.authentication.www.BasicAuthenticationFilter@f171912, org.springframework.security.web.savedrequest.RequestCacheAwareFilter@61a2aeb7, org.springframework.security.web.servletapi.SecurityContextHolderAwareRequestFilter@67f63d26, org.springframework.security.web.authentication.AnonymousAuthenticationFilter@f238e4f, org.springframework.security.web.session.SessionManagementFilter@3a4aadf8, org.springframework.security.web.access.ExceptionTranslationFilter@52454457, org.springframework.security.web.access.intercept.FilterSecurityInterceptor@28279a49]
2021-01-16 19:42:53,673 INFO org.apache.juli.logging.DirectJDKLog [main] Starting ProtocolHandler ["http-nio-8070"]
2021-01-16 19:42:53,716 INFO org.springframework.boot.web.embedded.tomcat.TomcatWebServer [main] Tomcat started on port(s): 8070 (http) with context path ''
2021-01-16 19:42:53,728 INFO org.springframework.boot.StartupInfoLogger [main] Started CustomerStatementProcessorApplication in 2.805 seconds (JVM running for 3.688)
2021-01-16 19:44:34,545 INFO org.apache.juli.logging.DirectJDKLog [http-nio-8070-exec-1] Initializing Spring DispatcherServlet 'dispatcherServlet'
2021-01-16 19:44:34,546 INFO org.springframework.web.servlet.FrameworkServlet [http-nio-8070-exec-1] Initializing Servlet 'dispatcherServlet'
2021-01-16 19:44:34,548 INFO org.springframework.web.servlet.FrameworkServlet [http-nio-8070-exec-1] Completed initialization in 1 ms
2021-01-16 19:53:37,661 INFO org.hibernate.validator.internal.util.Version [background-preinit] HV000001: Hibernate Validator 6.1.6.Final
2021-01-16 19:53:37,671 INFO org.springframework.boot.StartupInfoLogger [main] Starting CustomerStatementProcessorApplication using Java 1.8.0_191 on C02XG1J8JG5M with PID 37546 (/Users/vgavhane/Downloads/customer_statement_processor/target/classes started by vgavhane in /Users/vgavhane/Downloads/customer_statement_processor)
2021-01-16 19:53:37,672 INFO org.springframework.boot.SpringApplication [main] No active profile set, falling back to default profiles: default
2021-01-16 19:53:38,570 INFO org.springframework.boot.web.embedded.tomcat.TomcatWebServer [main] Tomcat initialized with port(s): 8070 (http)
2021-01-16 19:53:38,581 INFO org.apache.juli.logging.DirectJDKLog [main] Initializing ProtocolHandler ["http-nio-8070"]
2021-01-16 19:53:38,582 INFO org.apache.juli.logging.DirectJDKLog [main] Starting service [Tomcat]
2021-01-16 19:53:38,582 INFO org.apache.juli.logging.DirectJDKLog [main] Starting Servlet engine: [Apache Tomcat/9.0.41]
2021-01-16 19:53:38,640 INFO org.apache.juli.logging.DirectJDKLog [main] Initializing Spring embedded WebApplicationContext
2021-01-16 19:53:38,640 INFO org.springframework.boot.web.servlet.context.ServletWebServerApplicationContext [main] Root WebApplicationContext: initialization completed in 908 ms
2021-01-16 19:53:38,909 INFO org.springframework.scheduling.concurrent.ExecutorConfigurationSupport [main] Initializing ExecutorService 'applicationTaskExecutor'
2021-01-16 19:53:39,132 WARN org.springframework.context.support.AbstractApplicationContext [main] Exception encountered during context initialization - cancelling refresh attempt: org.springframework.beans.factory.BeanCreationException: Error creating bean with name 'springSecurityFilterChain' defined in class path resource [org/springframework/security/config/annotation/web/configuration/WebSecurityConfiguration.class]: Bean instantiation via factory method failed; nested exception is org.springframework.beans.BeanInstantiationException: Failed to instantiate [javax.servlet.Filter]: Factory method 'springSecurityFilterChain' threw exception; nested exception is java.lang.IllegalArgumentException: Cannot pass a null GrantedAuthority collection
2021-01-16 19:53:39,132 INFO org.springframework.scheduling.concurrent.ExecutorConfigurationSupport [main] Shutting down ExecutorService 'applicationTaskExecutor'
2021-01-16 19:53:39,135 INFO org.apache.juli.logging.DirectJDKLog [main] Stopping service [Tomcat]
2021-01-16 19:53:39,145 INFO org.springframework.boot.autoconfigure.logging.ConditionEvaluationReportLoggingListener [main] 

Error starting ApplicationContext. To display the conditions report re-run your application with 'debug' enabled.
2021-01-16 19:53:39,157 ERROR org.springframework.boot.SpringApplication [main] Application run failed
org.springframework.beans.factory.BeanCreationException: Error creating bean with name 'springSecurityFilterChain' defined in class path resource [org/springframework/security/config/annotation/web/configuration/WebSecurityConfiguration.class]: Bean instantiation via factory method failed; nested exception is org.springframework.beans.BeanInstantiationException: Failed to instantiate [javax.servlet.Filter]: Factory method 'springSecurityFilterChain' threw exception; nested exception is java.lang.IllegalArgumentException: Cannot pass a null GrantedAuthority collection
	at org.springframework.beans.factory.support.ConstructorResolver.instantiate(ConstructorResolver.java:658)
	at org.springframework.beans.factory.support.ConstructorResolver.instantiateUsingFactoryMethod(ConstructorResolver.java:486)
	at org.springframework.beans.factory.support.AbstractAutowireCapableBeanFactory.instantiateUsingFactoryMethod(AbstractAutowireCapableBeanFactory.java:1336)
	at org.springframework.beans.factory.support.AbstractAutowireCapableBeanFactory.createBeanInstance(AbstractAutowireCapableBeanFactory.java:1179)
	at org.springframework.beans.factory.support.AbstractAutowireCapableBeanFactory.doCreateBean(AbstractAutowireCapableBeanFactory.java:571)
	at org.springframework.beans.factory.support.AbstractAutowireCapableBeanFactory.createBean(AbstractAutowireCapableBeanFactory.java:531)
	at org.springframework.beans.factory.support.AbstractBeanFactory.lambda$doGetBean$0(AbstractBeanFactory.java:335)
	at org.springframework.beans.factory.support.DefaultSingletonBeanRegistry.getSingleton(DefaultSingletonBeanRegistry.java:234)
	at org.springframework.beans.factory.support.AbstractBeanFactory.doGetBean(AbstractBeanFactory.java:333)
	at org.springframework.beans.factory.support.AbstractBeanFactory.getBean(AbstractBeanFactory.java:208)
	at org.springframework.beans.factory.support.AbstractBeanFactory.doGetBean(AbstractBeanFactory.java:322)
	at org.springframework.beans.factory.support.AbstractBeanFactory.getBean(AbstractBeanFactory.java:208)
	at org.springframework.beans.factory.support.DefaultListableBeanFactory.preInstantiateSingletons(DefaultListableBeanFactory.java:944)
	at org.springframework.context.support.AbstractApplicationContext.finishBeanFactoryInitialization(AbstractApplicationContext.java:923)
	at org.springframework.context.support.AbstractApplicationContext.refresh(AbstractApplicationContext.java:588)
	at org.springframework.boot.web.servlet.context.ServletWebServerApplicationContext.refresh(ServletWebServerApplicationContext.java:144)
	at org.springframework.boot.SpringApplication.refresh(SpringApplication.java:767)
	at org.springframework.boot.SpringApplication.refresh(SpringApplication.java:759)
	at org.springframework.boot.SpringApplication.refreshContext(SpringApplication.java:426)
	at org.springframework.boot.SpringApplication.run(SpringApplication.java:326)
	at org.springframework.boot.SpringApplication.run(SpringApplication.java:1309)
	at org.springframework.boot.SpringApplication.run(SpringApplication.java:1298)
	at com.rebobank.customer_statement_processor.CustomerStatementProcessorApplication.main(CustomerStatementProcessorApplication.java:10)
Caused by: org.springframework.beans.BeanInstantiationException: Failed to instantiate [javax.servlet.Filter]: Factory method 'springSecurityFilterChain' threw exception; nested exception is java.lang.IllegalArgumentException: Cannot pass a null GrantedAuthority collection
	at org.springframework.beans.factory.support.SimpleInstantiationStrategy.instantiate(SimpleInstantiationStrategy.java:185)
	at org.springframework.beans.factory.support.ConstructorResolver.instantiate(ConstructorResolver.java:653)
	... 22 common frames omitted
Caused by: java.lang.IllegalArgumentException: Cannot pass a null GrantedAuthority collection
	at org.springframework.util.Assert.notNull(Assert.java:201)
	at org.springframework.security.core.userdetails.User.sortAuthorities(User.java:162)
	at org.springframework.security.core.userdetails.User.<init>(User.java:118)
	at org.springframework.security.core.userdetails.User$UserBuilder.build(User.java:504)
	at org.springframework.security.config.annotation.authentication.configurers.provisioning.UserDetailsManagerConfigurer$UserDetailsBuilder.build(UserDetailsManagerConfigurer.java:266)
	at org.springframework.security.config.annotation.authentication.configurers.provisioning.UserDetailsManagerConfigurer.initUserDetailsService(UserDetailsManagerConfigurer.java:59)
	at org.springframework.security.config.annotation.authentication.configurers.userdetails.UserDetailsServiceConfigurer.configure(UserDetailsServiceConfigurer.java:47)
	at org.springframework.security.config.annotation.authentication.configurers.userdetails.UserDetailsServiceConfigurer.configure(UserDetailsServiceConfigurer.java:34)
	at org.springframework.security.config.annotation.AbstractConfiguredSecurityBuilder.configure(AbstractConfiguredSecurityBuilder.java:349)
	at org.springframework.security.config.annotation.AbstractConfiguredSecurityBuilder.doBuild(AbstractConfiguredSecurityBuilder.java:303)
	at org.springframework.security.config.annotation.AbstractSecurityBuilder.build(AbstractSecurityBuilder.java:38)
	at org.springframework.security.config.annotation.authentication.configuration.AuthenticationConfiguration.getAuthenticationManager(AuthenticationConfiguration.java:121)
	at org.springframework.security.config.annotation.web.configuration.WebSecurityConfigurerAdapter.authenticationManager(WebSecurityConfigurerAdapter.java:266)
	at org.springframework.security.config.annotation.web.configuration.WebSecurityConfigurerAdapter.getHttp(WebSecurityConfigurerAdapter.java:204)
	at org.springframework.security.config.annotation.web.configuration.WebSecurityConfigurerAdapter.init(WebSecurityConfigurerAdapter.java:315)
	at org.springframework.security.config.annotation.web.configuration.WebSecurityConfigurerAdapter.init(WebSecurityConfigurerAdapter.java:93)
	at com.rebobank.customer_statement_processor.security.filter.SecurityConfig$$EnhancerBySpringCGLIB$$89beab31.init(<generated>)
	at org.springframework.security.config.annotation.AbstractConfiguredSecurityBuilder.init(AbstractConfiguredSecurityBuilder.java:338)
	at org.springframework.security.config.annotation.AbstractConfiguredSecurityBuilder.doBuild(AbstractConfiguredSecurityBuilder.java:300)
	at org.springframework.security.config.annotation.AbstractSecurityBuilder.build(AbstractSecurityBuilder.java:38)
	at org.springframework.security.config.annotation.web.configuration.WebSecurityConfiguration.springSecurityFilterChain(WebSecurityConfiguration.java:127)
	at sun.reflect.NativeMethodAccessorImpl.invoke0(Native Method)
	at sun.reflect.NativeMethodAccessorImpl.invoke(NativeMethodAccessorImpl.java:62)
	at sun.reflect.DelegatingMethodAccessorImpl.invoke(DelegatingMethodAccessorImpl.java:43)
	at java.lang.reflect.Method.invoke(Method.java:498)
	at org.springframework.beans.factory.support.SimpleInstantiationStrategy.instantiate(SimpleInstantiationStrategy.java:154)
	... 23 common frames omitted
